<?xml version="1.0" encoding="UTF-8"?>
<testng-results ignored="0" total="1" passed="1" failed="0" skipped="0">
  <reporter-output>
  </reporter-output>
  <suite started-at="2026-08-01T20:26:22 CST" name="Surefire suite" finished-at="2026-08-01T20:26:22 CST" duration-ms="32">
    <groups>
    </groups>
    <test started-at="2026-08-01T20:26:22 CST" name="Surefire test" finished-at="2026-08-01T20:26:22 CST" duration-ms="32">
      <class name="Test1">
        <test-method signature="test1()[pri:0, instance:Test1@2aa3cd93]" started-at="2026-08-01T20:26:22 CST" name="test1" finished-at="2026-08-01T20:26:22 CST" duration-ms="3" status="PASS">
          <reporter-output>
          </reporter-output>
        </test-method> <!-- test1 -->
      </class> <!-- Test1 -->
    </test> <!-- Surefire test -->
  </suite> <!-- Surefire suite -->
</testng-results>
